<?xml version="1.0" encoding="UTF-8"?>
<!-- Generated by org.testng.reporters.JUnitReportReporter -->
<testsuite skipped="0" hostname="Volkans-MBP" name="com.class3.CalendarPractice" tests="1" failures="0" timestamp="2020-01-17T11:48:54 EST" time="2.539" errors="0">
  <testcase name="booking" time="2.539" classname="com.class3.CalendarPractice"/>
</testsuite> <!-- com.class3.CalendarPractice -->
