<?xml version="1.0" encoding="UTF-8"?>
<!-- Generated by org.testng.reporters.JUnitReportReporter -->
<testsuite skipped="0" hostname="Volkans-MBP" name="com.class1.testNGDemo" tests="3" failures="0" timestamp="2020-01-12T13:11:04 EST" time="0.024" errors="0">
  <testcase name="testOne" time="0.021" classname="com.class1.testNGDemo"/>
  <testcase name="testTwo" time="0.001" classname="com.class1.testNGDemo"/>
  <testcase name="testThree" time="0.002" classname="com.class1.testNGDemo"/>
</testsuite> <!-- com.class1.testNGDemo -->
