<?xml version="1.0" encoding="UTF-8"?>
<!-- Generated by org.testng.reporters.JUnitReportReporter -->
<testsuite skipped="0" hostname="Volkans-MBP" name="com.class1.TestCase2" tests="2" failures="0" timestamp="2020-01-11T14:45:28 EST" time="0.032" errors="0">
  <testcase name="test1" time="0.015" classname="com.class1.TestCase2"/>
  <testcase name="test2" time="0.017" classname="com.class1.TestCase2"/>
</testsuite> <!-- com.class1.TestCase2 -->
