<?xml version="1.0" encoding="UTF-8"?>
<!-- Generated by org.testng.reporters.JUnitReportReporter -->
<testsuite skipped="0" hostname="Volkans-MBP" name="com.class2.HWWithAssertions$HW" tests="2" failures="0" timestamp="2020-01-12T13:29:37 EST" time="17.000" errors="0">
  <testcase name="validationOfLogo" time="10.430" classname="com.class2.HWWithAssertions$HW"/>
  <testcase name="validationOfMessage" time="6.570" classname="com.class2.HWWithAssertions$HW"/>
</testsuite> <!-- com.class2.HWWithAssertions$HW -->
