<?xml version="1.0" encoding="UTF-8"?>
<!-- Generated by org.testng.reporters.JUnitReportReporter -->
<testsuite skipped="0" hostname="Volkans-MBP" name="com.class1.DifferentAnnotations" tests="1" failures="0" timestamp="2020-01-14T12:10:17 EST" time="0.023" errors="0">
  <testcase name="test" time="0.023" classname="com.class1.DifferentAnnotations"/>
</testsuite> <!-- com.class1.DifferentAnnotations -->
