<?xml version="1.0" encoding="UTF-8"?>
<!-- Generated by org.testng.reporters.JUnitReportReporter -->
<testsuite skipped="1" hostname="Volkans-MBP" name="com.class2.HW" tests="2" failures="0" timestamp="2020-01-12T13:29:05 EST" time="5.901" errors="0">
  <testcase name="validationOfMessage" time="5.901" classname="com.class2.HW"/>
  <testcase name="validationOfLogo" classname="com.class2.HW">
    <skipped/>
  </testcase> <!-- validationOfLogo -->
</testsuite> <!-- com.class2.HW -->
