<?xml version="1.0" encoding="UTF-8"?>
<!-- Generated by org.testng.reporters.JUnitReportReporter -->
<testsuite skipped="0" hostname="Volkans-MBP" name="com.class1.testCase1" tests="3" failures="0" timestamp="2020-01-11T14:07:47 EST" time="0.032" errors="0">
  <testcase name="everyDay" time="0.020" classname="com.class1.testCase1"/>
  <testcase name="going" time="0.003" classname="com.class1.testCase1"/>
  <testcase name="forward" time="0.009" classname="com.class1.testCase1"/>
</testsuite> <!-- com.class1.testCase1 -->
